<?xml version="1.0" encoding="UTF-8"?>
<!-- Generated by org.testng.reporters.JUnitXMLReporter -->
<testsuite ignored="0" hostname="DESKTOP-3LSVO3R" failures="1" tests="1" name="master" time="16.196" errors="0" timestamp="2025-11-09T15:34:15 IST">
  <testcase classname="TestCases.TC001_User_Registration" name="VerifyUserRegistration" time="10.53">
    <failure type="java.lang.AssertionError" message="The following asserts failed:
	expected [Logged in as	LNYFL] but found [Logged in as LNYFL]">
      <![CDATA[java.lang.AssertionError: The following asserts failed:
expected [Logged in asLNYFL] but found [Logged in as LNYFL]
at TestCases.TC001_User_Registration.VerifyUserRegistration(TC001_User_Registration.java:57)
at java.base/java.util.ArrayList.forEach(ArrayList.java:1596)
... Removed 27 stack frames]]>
    </failure>
  </testcase> <!-- VerifyUserRegistration -->
</testsuite> <!-- master -->
