<?xml version="1.0" encoding="UTF-8"?>
<!-- Generated by org.testng.reporters.JUnitXMLReporter -->
<testsuite ignored="0" hostname="DESKTOP-3LSVO3R" failures="1" tests="1" name="master" time="19.307" errors="0" timestamp="2025-11-06T21:32:08 IST">
  <testcase classname="TestCases.TC001_User_Registration" name="VerifyUserRegistration" time="11.848">
    <failure type="java.lang.IllegalArgumentException" message="Locator must be set">
      <![CDATA[java.lang.IllegalArgumentException: Locator must be set
at org.openqa.selenium.internal.Require.nonNull(Require.java:63)
at org.openqa.selenium.remote.RemoteWebDriver.findElement(RemoteWebDriver.java:372)
at org.openqa.selenium.support.ui.ExpectedConditions$7.apply(ExpectedConditions.java:194)
at org.openqa.selenium.support.ui.ExpectedConditions$7.apply(ExpectedConditions.java:190)
at org.openqa.selenium.support.ui.FluentWait.until(FluentWait.java:203)
at PageObjects.User_Registration_Page.verifyUserloggedin(User_Registration_Page.java:227)
at TestCases.TC001_User_Registration.VerifyUserRegistration(TC001_User_Registration.java:55)
at java.base/java.util.ArrayList.forEach(ArrayList.java:1596)
... Removed 25 stack frames]]>
    </failure>
  </testcase> <!-- VerifyUserRegistration -->
</testsuite> <!-- master -->
