<?xml version="1.0" encoding="UTF-8"?>
<testng-results ignored="0" total="1" passed="1" failed="0" skipped="0">
  <reporter-output>
  </reporter-output>
  <suite started-at="2025-11-09T16:17:36 IST" name="Suite" finished-at="2025-11-09T16:17:48 IST" duration-ms="12532">
    <groups>
    </groups>
    <test started-at="2025-11-09T16:17:36 IST" name="master" finished-at="2025-11-09T16:17:48 IST" duration-ms="12532">
      <class name="TestCases.TC001_User_Registration">
        <test-method is-config="true" signature="setup(java.lang.String,java.lang.String)[pri:0, instance:TestCases.TC001_User_Registration@60f7cc1d]" started-at="2025-11-09T16:17:36 IST" name="setup" finished-at="2025-11-09T16:17:41 IST" duration-ms="5272" status="PASS">
          <params>
            <param index="0">
              <value>
                <![CDATA[windows]]>
              </value>
            </param>
            <param index="1">
              <value>
                <![CDATA[chrome]]>
              </value>
            </param>
          </params>
          <reporter-output>
          </reporter-output>
        </test-method> <!-- setup -->
        <test-method signature="VerifyUserRegistration()[pri:0, instance:TestCases.TC001_User_Registration@60f7cc1d]" started-at="2025-11-09T16:17:41 IST" name="VerifyUserRegistration" finished-at="2025-11-09T16:17:48 IST" duration-ms="7071" status="PASS">
          <reporter-output>
          </reporter-output>
        </test-method> <!-- VerifyUserRegistration -->
      </class> <!-- TestCases.TC001_User_Registration -->
    </test> <!-- master -->
  </suite> <!-- Suite -->
</testng-results>
