<?xml version="1.0" encoding="UTF-8"?>
<testng-results ignored="0" total="2" passed="2" failed="0" skipped="0">
  <reporter-output>
  </reporter-output>
  <suite started-at="2025-11-15T15:24:05 IST" name="Suite" finished-at="2025-11-15T15:24:24 IST" duration-ms="19051">
    <groups>
    </groups>
    <test started-at="2025-11-15T15:24:05 IST" name="master" finished-at="2025-11-15T15:24:24 IST" duration-ms="19051">
      <class name="TestCases.TC002_Login_Page">
        <test-method is-config="true" signature="setup(java.lang.String,java.lang.String)[pri:0, instance:TestCases.TC002_Login_Page@11eadcba]" started-at="2025-11-15T15:24:05 IST" name="setup" finished-at="2025-11-15T15:24:12 IST" duration-ms="6635" status="PASS">
          <params>
            <param index="0">
              <value>
                <![CDATA[windows]]>
              </value>
            </param>
            <param index="1">
              <value>
                <![CDATA[chrome]]>
              </value>
            </param>
          </params>
          <reporter-output>
          </reporter-output>
        </test-method> <!-- setup -->
        <test-method signature="VerifcationogLoginSuccess()[pri:1, instance:TestCases.TC002_Login_Page@11eadcba]" started-at="2025-11-15T15:24:12 IST" name="VerifcationogLoginSuccess" finished-at="2025-11-15T15:24:20 IST" duration-ms="8337" status="PASS">
          <reporter-output>
          </reporter-output>
        </test-method> <!-- VerifcationogLoginSuccess -->
        <test-method signature="VerifcationogLoginFail()[pri:2, instance:TestCases.TC002_Login_Page@11eadcba]" started-at="2025-11-15T15:24:20 IST" name="VerifcationogLoginFail" finished-at="2025-11-15T15:24:23 IST" duration-ms="3348" status="PASS">
          <reporter-output>
          </reporter-output>
        </test-method> <!-- VerifcationogLoginFail -->
        <test-method is-config="true" signature="teardown()[pri:0, instance:TestCases.TC002_Login_Page@11eadcba]" started-at="2025-11-15T15:24:23 IST" name="teardown" finished-at="2025-11-15T15:24:24 IST" duration-ms="362" status="PASS">
          <reporter-output>
          </reporter-output>
        </test-method> <!-- teardown -->
      </class> <!-- TestCases.TC002_Login_Page -->
    </test> <!-- master -->
  </suite> <!-- Suite -->
</testng-results>
