<?xml version="1.0" encoding="UTF-8"?>
<!-- Generated by org.testng.reporters.JUnitReportReporter -->
<testsuite hostname="DESKTOP-3LSVO3R" failures="0" tests="2" name="TestCases.TC002_Login_Page" time="11.685" errors="0" timestamp="2025-11-15T15:24:25 IST" skipped="0">
  <testcase classname="TestCases.TC002_Login_Page" name="VerifcationogLoginSuccess" time="8.337"/>
  <testcase classname="TestCases.TC002_Login_Page" name="VerifcationogLoginFail" time="3.348"/>
</testsuite> <!-- TestCases.TC002_Login_Page -->
